#
# There is insufficient memory for the Java Runtime Environment to continue.
# Native memory allocation (malloc) failed to allocate 1048576 bytes for AllocateHeap
# Possible reasons:
#   The system is out of physical RAM or swap space
#   The process is running with CompressedOops enabled, and the Java Heap may be blocking the growth of the native heap
# Possible solutions:
#   Reduce memory load on the system
#   Increase physical memory or swap space
#   Check if swap backing store is full
#   Decrease Java heap size (-Xmx/-Xms)
#   Decrease number of Java threads
#   Decrease Java thread stack sizes (-Xss)
#   Set larger code cache with -XX:ReservedCodeCacheSize=
#   JVM is running with Unscaled Compressed Oops mode in which the Java heap is
#     placed in the first 4GB address space. The Java Heap base address is the
#     maximum limit for the native heap growth. Please use -XX:HeapBaseMinAddress
#     to set the Java Heap base and to place the Java Heap above 4GB virtual address.
# This output file may be truncated or incomplete.
#
#  Out of Memory Error (memory/allocation.inline.hpp:61), pid=10908, tid=0x00000000000023f0
#
# JRE version:  (8.0_202-b49) (build )
# Java VM: OpenJDK 64-Bit Server VM (25.202-b49 mixed mode windows-amd64 compressed oops)
# Failed to write core dump. Minidumps are not enabled by default on client versions of Windows
#

---------------  T H R E A D  ---------------

Current thread (0x0000000002e0e000):  JavaThread "Unknown thread" [_thread_in_vm, id=9200, stack(0x0000000002c70000,0x0000000002d70000)]

Stack: [0x0000000002c70000,0x0000000002d70000]
[error occurred during error reporting (printing stack bounds), id 0xc0000005]

Native frames: (J=compiled Java code, j=interpreted, Vv=VM code, C=native code)


---------------  P R O C E S S  ---------------

Java Threads: ( => current thread )

Other Threads:

=>0x0000000002e0e000 (exited) JavaThread "Unknown thread" [_thread_in_vm, id=9200, stack(0x0000000002c70000,0x0000000002d70000)]

VM state:not at safepoint (normal execution)

VM Mutex/Monitor currently owned by a thread: None

heap address: 0x0000000082600000, size: 2010 MB, Compressed Oops mode: 32-bit
Narrow klass base: 0x0000000000000000, Narrow klass shift: 3
Compressed class space size: 1073741824 Address: 0x0000000100000000

Heap:
 PSYoungGen      total 37888K, used 655K [0x00000000d6200000, 0x00000000d8c00000, 0x0000000100000000)
  eden space 32768K, 2% used [0x00000000d6200000,0x00000000d62a3d80,0x00000000d8200000)
  from space 5120K, 0% used [0x00000000d8700000,0x00000000d8700000,0x00000000d8c00000)
  to   space 5120K, 0% used [0x00000000d8200000,0x00000000d8200000,0x00000000d8700000)
 ParOldGen       total 86016K, used 0K [0x0000000082600000, 0x0000000087a00000, 0x00000000d6200000)
  object space 86016K, 0% used [0x0000000082600000,0x0000000082600000,0x0000000087a00000)
 Metaspace       used 777K, capacity 4480K, committed 4480K, reserved 1056768K
  class space    used 74K, capacity 384K, committed 384K, reserved 1048576K

Card table byte_map: [0x00000000122d0000,0x00000000126c0000] byte_map_base: 0x0000000011ebd000

Marking Bits: (ParMarkBitMap*) 0x0000000073c29f30
 Begin Bits: [0x0000000013160000, 0x00000000150c8000)
 End Bits:   [0x00000000150c8000, 0x0000000017030000)

Polling page: 0x0000000002890000

CodeCache: size=245760Kb used=328Kb max_used=328Kb free=245431Kb
 bounds [0x0000000002f10000, 0x0000000003180000, 0x0000000011f10000]
 total_blobs=57 nmethods=0 adapters=38
 compilation: enabled

Compilation events (0 events):
No events

GC Heap History (0 events):
No events

Deoptimization events (0 events):
No events

Classes redefined (0 events):
No events

Internal exceptions (0 events):
No events

Events (10 events):
Event: 0.024 loading class java/lang/Short
Event: 0.024 loading class java/lang/Short done
Event: 0.024 loading class java/lang/Integer
Event: 0.024 loading class java/lang/Integer done
Event: 0.024 loading class java/lang/Long
Event: 0.024 loading class java/lang/Long done
Event: 0.025 loading class java/lang/NullPointerException
Event: 0.025 loading class java/lang/NullPointerException done
Event: 0.025 loading class java/lang/ArithmeticException
Event: 0.025 loading class java/lang/ArithmeticException done


Dynamic libraries:
0x00007ff7a2890000 - 0x00007ff7a28c1000 	E:\IntelliJ IDEA 2019.1.2\jre64\bin\java.exe
0x00007ff98fe30000 - 0x00007ff99001d000 	C:\WINDOWS\SYSTEM32\ntdll.dll
0x00007ff98d960000 - 0x00007ff98da13000 	C:\WINDOWS\System32\KERNEL32.DLL
0x00007ff98c3d0000 - 0x00007ff98c663000 	C:\WINDOWS\System32\KERNELBASE.dll
0x00007ff98fd50000 - 0x00007ff98fdf3000 	C:\WINDOWS\System32\ADVAPI32.dll
0x00007ff98d750000 - 0x00007ff98d7ee000 	C:\WINDOWS\System32\msvcrt.dll
0x00007ff98da20000 - 0x00007ff98dabe000 	C:\WINDOWS\System32\sechost.dll
0x00007ff98d160000 - 0x00007ff98d282000 	C:\WINDOWS\System32\RPCRT4.dll
0x00007ff98dac0000 - 0x00007ff98dc57000 	C:\WINDOWS\System32\USER32.dll
0x00007ff98c8c0000 - 0x00007ff98c8e0000 	C:\WINDOWS\System32\win32u.dll
0x00007ff98d7f0000 - 0x00007ff98d819000 	C:\WINDOWS\System32\GDI32.dll
0x00007ff98c720000 - 0x00007ff98c8b9000 	C:\WINDOWS\System32\gdi32full.dll
0x00007ff98c120000 - 0x00007ff98c1c0000 	C:\WINDOWS\System32\msvcp_win.dll
0x00007ff98bef0000 - 0x00007ff98bfea000 	C:\WINDOWS\System32\ucrtbase.dll
0x00007ff9702b0000 - 0x00007ff970529000 	C:\WINDOWS\WinSxS\amd64_microsoft.windows.common-controls_6595b64144ccf1df_6.0.17763.1098_none_de762ed45346ee8a\COMCTL32.dll
0x00007ff98dc60000 - 0x00007ff98df8c000 	C:\WINDOWS\System32\combase.dll
0x00007ff98c0a0000 - 0x00007ff98c11e000 	C:\WINDOWS\System32\bcryptPrimitives.dll
0x00007ff98d690000 - 0x00007ff98d6be000 	C:\WINDOWS\System32\IMM32.DLL
0x0000000073380000 - 0x0000000073452000 	E:\IntelliJ IDEA 2019.1.2\jre64\bin\msvcr100.dll
0x0000000073460000 - 0x0000000073ca6000 	E:\IntelliJ IDEA 2019.1.2\jre64\bin\server\jvm.dll
0x00007ff98d5a0000 - 0x00007ff98d5a8000 	C:\WINDOWS\System32\PSAPI.DLL
0x00007ff97f440000 - 0x00007ff97f44a000 	C:\WINDOWS\SYSTEM32\VERSION.dll
0x00007ff975260000 - 0x00007ff975269000 	C:\WINDOWS\SYSTEM32\WSOCK32.dll
0x00007ff986680000 - 0x00007ff9866a4000 	C:\WINDOWS\SYSTEM32\WINMM.dll
0x00007ff98d820000 - 0x00007ff98d88d000 	C:\WINDOWS\System32\WS2_32.dll
0x00007ff986200000 - 0x00007ff98622d000 	C:\WINDOWS\SYSTEM32\winmmbase.dll
0x00007ff98bff0000 - 0x00007ff98c03a000 	C:\WINDOWS\System32\cfgmgr32.dll
0x00007ff986820000 - 0x00007ff98682f000 	E:\IntelliJ IDEA 2019.1.2\jre64\bin\verify.dll
0x00007ff982b80000 - 0x00007ff982ba9000 	E:\IntelliJ IDEA 2019.1.2\jre64\bin\java.dll
0x00007ff982d30000 - 0x00007ff982d46000 	E:\IntelliJ IDEA 2019.1.2\jre64\bin\zip.dll

VM Arguments:
java_command: org.jetbrains.git4idea.http.GitAskPassApp Username for 'https://github.com': 
java_class_path (initial): E:/IntelliJ IDEA 2019.1.2/plugins/git4idea/lib/git4idea-rt.jar;E:/IntelliJ IDEA 2019.1.2/lib/xmlrpc-2.0.1.jar;E:/IntelliJ IDEA 2019.1.2/lib/commons-codec-1.10.jar;E:/IntelliJ IDEA 2019.1.2/lib/util.jar
Launcher Type: SUN_STANDARD

Environment Variables:
JAVA_HOME=C:\Program Files\Java\jdk1.8.0_221
PATH=E:\Software\Git\mingw64/libexec/git-core;E:\Software\Git\mingw64/libexec/git-core;E:\Software\Git\mingw64\bin;E:\Software\Git\usr\bin;C:\Users\HP\bin;C:\Program Files (x86)\Common Files\Oracle\Java\javapath;C:\WINDOWS\system32;C:\WINDOWS;C:\WINDOWS\System32\Wbem;C:\WINDOWS\System32\WindowsPowerShell\v1.0\;C:\WINDOWS\System32\OpenSSH\;C:\Program Files\Java\jdk1.8.0_221\bin;C:\Program Files (x86)\NVIDIA Corporation\PhysX\Common;C:\Program Files\NVIDIA Corporation\NVIDIA NvDLISR;C:\Program Files\MySQL\MySQL Server 5.7\bin;E:\Software\apache-maven-3.6.1\bin;E:\Software\Git\cmd;E:\Software\nodejs\;C:\Program Files\RabbitMQ Server\rabbitmq_server-3.7.15\sbin;C:\hadoop\bin;C:\Users\HP\AppData\Local\Microsoft\WindowsApps;C:\Users\HP\AppData\Roaming\npm;E:\Software\Microsoft VS Code\bin
USERNAME=HP
DISPLAY=:0.0
OS=Windows_NT
PROCESSOR_IDENTIFIER=Intel64 Family 6 Model 142 Stepping 10, GenuineIntel



---------------  S Y S T E M  ---------------

OS: Windows 10.0 , 64 bit Build 17763 (10.0.17763.475)

CPU:total 8 (initial active 8) (4 cores per cpu, 2 threads per core) family 6 model 142 stepping 10, cmov, cx8, fxsr, mmx, sse, sse2, sse3, ssse3, sse4.1, sse4.2, popcnt, avx, avx2, aes, clmul, erms, 3dnowpref, lzcnt, ht, tsc, tscinvbit, bmi1, bmi2, adx

Memory: 4k page, physical 8231588k(701756k free), swap 20952864k(4612k free)

vm_info: OpenJDK 64-Bit Server VM (25.202-b49) for windows-amd64 JRE (1.8.0_202-release-1483-b49), built on Apr 10 2019 16:54:32 by "builduser" with MS VC++ 10.0 (VS2010)

time: Sun Apr 05 16:22:34 2020
timezone: 中国标准时间
elapsed time: 0 seconds (0d 0h 0m 0s)

